2022-12-03 21:44:27 - [INFO] - {{EXTRACTING FILES}} Extracting compressed files in: /home/storage/programs/chip_making/space_shuttle_gf_node
2022-12-03 21:44:31 - [INFO] - {{Project Type Info}} digital
2022-12-03 21:44:31 - [INFO] - {{Project GDS Info}} user_project_wrapper: 23cbeb0725a370634fa3eda4aac62ccf0873c993
2022-12-03 21:44:32 - [INFO] - {{Tools Info}} KLayout: v0.28 | Magic: v8.3.348
2022-12-03 21:44:32 - [INFO] - {{PDKs Info}} GF180MCUC: a897aa30369d3bcec87d9d50ce9b01f320f854ef | Open PDKs: 35c7265f51749ad8d9fdbb575af22c7c8fab974e
2022-12-03 21:44:32 - [INFO] - {{START}} Precheck Started, the full log 'precheck.log' will be located in '/home/storage/programs/chip_making/space_shuttle_gf_node/precheck_results/03_DEC_2022___21_44_27/logs'
2022-12-03 21:44:32 - [INFO] - {{PRECHECK SEQUENCE}} Precheck will run the following checks: [License, GPIO-Defines, XOR, Klayout FEOL, Klayout BEOL, Klayout Offgrid, Klayout Metal Minimum Clear Area Density]
2022-12-03 21:44:32 - [INFO] - {{STEP UPDATE}} Executing Check 1 of 7: License
2022-12-03 21:44:33 - [INFO] - An approved LICENSE (Apache-2.0) was found in /home/storage/programs/chip_making/space_shuttle_gf_node.
2022-12-03 21:44:33 - [INFO] - {{MAIN LICENSE CHECK PASSED}} An approved LICENSE was found in project root.
2022-12-03 21:44:34 - [INFO] - An approved LICENSE (Apache-2.0) was found in /home/storage/programs/chip_making/space_shuttle_gf_node.
2022-12-03 21:44:35 - [INFO] - An approved LICENSE (Apache-2.0) was found in /home/storage/programs/chip_making/space_shuttle_gf_node.
2022-12-03 21:44:36 - [INFO] - An approved LICENSE (Apache-2.0) was found in /home/storage/programs/chip_making/space_shuttle_gf_node.
2022-12-03 21:44:37 - [INFO] - An approved LICENSE (Apache-2.0) was found in /home/storage/programs/chip_making/space_shuttle_gf_node.
2022-12-03 21:44:38 - [INFO] - An approved LICENSE (Apache-2.0) was found in /home/storage/programs/chip_making/space_shuttle_gf_node.
2022-12-03 21:44:39 - [INFO] - An approved LICENSE (Apache-2.0) was found in /home/storage/programs/chip_making/space_shuttle_gf_node.
2022-12-03 21:44:39 - [INFO] - {{SUBMODULES LICENSE CHECK PASSED}} No prohibited LICENSE file(s) was found in project submodules
2022-12-03 21:44:40 - [ERROR] - SPDX COMPLIANCE FILE UNICODE DECODE EXCEPTION in (/home/storage/programs/chip_making/space_shuttle_gf_node/venv/lib/python3.10/site-packages/pip/_vendor/distlib/t32.exe): 'utf-8' codec can't decode byte 0x90 in position 2: invalid start byte
2022-12-03 21:44:40 - [ERROR] - SPDX COMPLIANCE FILE UNICODE DECODE EXCEPTION in (/home/storage/programs/chip_making/space_shuttle_gf_node/venv/lib/python3.10/site-packages/pip/_vendor/distlib/w32.exe): 'utf-8' codec can't decode byte 0x90 in position 2: invalid start byte
2022-12-03 21:44:40 - [ERROR] - SPDX COMPLIANCE FILE UNICODE DECODE EXCEPTION in (/home/storage/programs/chip_making/space_shuttle_gf_node/venv/lib/python3.10/site-packages/pip/_vendor/distlib/w64.exe): 'utf-8' codec can't decode byte 0x90 in position 2: invalid start byte
2022-12-03 21:44:40 - [ERROR] - SPDX COMPLIANCE FILE UNICODE DECODE EXCEPTION in (/home/storage/programs/chip_making/space_shuttle_gf_node/venv/lib/python3.10/site-packages/pip/_vendor/distlib/t64-arm.exe): 'utf-8' codec can't decode byte 0x90 in position 2: invalid start byte
2022-12-03 21:44:40 - [ERROR] - SPDX COMPLIANCE FILE UNICODE DECODE EXCEPTION in (/home/storage/programs/chip_making/space_shuttle_gf_node/venv/lib/python3.10/site-packages/pip/_vendor/distlib/t64.exe): 'utf-8' codec can't decode byte 0x90 in position 2: invalid start byte
2022-12-03 21:44:40 - [ERROR] - SPDX COMPLIANCE FILE UNICODE DECODE EXCEPTION in (/home/storage/programs/chip_making/space_shuttle_gf_node/venv/lib/python3.10/site-packages/pip/_vendor/distlib/w64-arm.exe): 'utf-8' codec can't decode byte 0x90 in position 2: invalid start byte
2022-12-03 21:44:43 - [ERROR] - SPDX COMPLIANCE FILE UNICODE DECODE EXCEPTION in (/home/storage/programs/chip_making/space_shuttle_gf_node/venv/lib/python3.10/site-packages/markupsafe/_speedups.cpython-310-x86_64-linux-gnu.so): 'utf-8' codec can't decode byte 0xa4 in position 41: invalid start byte
2022-12-03 21:44:43 - [ERROR] - SPDX COMPLIANCE FILE UNICODE DECODE EXCEPTION in (/home/storage/programs/chip_making/space_shuttle_gf_node/venv/lib/python3.10/site-packages/setuptools/gui.exe): 'utf-8' codec can't decode byte 0x90 in position 2: invalid start byte
2022-12-03 21:44:43 - [ERROR] - SPDX COMPLIANCE FILE UNICODE DECODE EXCEPTION in (/home/storage/programs/chip_making/space_shuttle_gf_node/venv/lib/python3.10/site-packages/setuptools/cli-64.exe): 'utf-8' codec can't decode byte 0x90 in position 2: invalid start byte
2022-12-03 21:44:43 - [ERROR] - SPDX COMPLIANCE FILE UNICODE DECODE EXCEPTION in (/home/storage/programs/chip_making/space_shuttle_gf_node/venv/lib/python3.10/site-packages/setuptools/cli-arm64.exe): 'utf-8' codec can't decode byte 0x90 in position 2: invalid start byte
2022-12-03 21:44:43 - [ERROR] - SPDX COMPLIANCE FILE UNICODE DECODE EXCEPTION in (/home/storage/programs/chip_making/space_shuttle_gf_node/venv/lib/python3.10/site-packages/setuptools/gui-arm64.exe): 'utf-8' codec can't decode byte 0x90 in position 2: invalid start byte
2022-12-03 21:44:43 - [ERROR] - SPDX COMPLIANCE FILE UNICODE DECODE EXCEPTION in (/home/storage/programs/chip_making/space_shuttle_gf_node/venv/lib/python3.10/site-packages/setuptools/cli-32.exe): 'utf-8' codec can't decode byte 0x90 in position 2: invalid start byte
2022-12-03 21:44:43 - [ERROR] - SPDX COMPLIANCE FILE UNICODE DECODE EXCEPTION in (/home/storage/programs/chip_making/space_shuttle_gf_node/venv/lib/python3.10/site-packages/setuptools/cli.exe): 'utf-8' codec can't decode byte 0x90 in position 2: invalid start byte
2022-12-03 21:44:43 - [ERROR] - SPDX COMPLIANCE FILE UNICODE DECODE EXCEPTION in (/home/storage/programs/chip_making/space_shuttle_gf_node/venv/lib/python3.10/site-packages/setuptools/gui-32.exe): 'utf-8' codec can't decode byte 0x90 in position 2: invalid start byte
2022-12-03 21:44:43 - [ERROR] - SPDX COMPLIANCE FILE UNICODE DECODE EXCEPTION in (/home/storage/programs/chip_making/space_shuttle_gf_node/venv/lib/python3.10/site-packages/setuptools/gui-64.exe): 'utf-8' codec can't decode byte 0x90 in position 2: invalid start byte
2022-12-03 21:44:45 - [ERROR] - SPDX COMPLIANCE FILE UNICODE DECODE EXCEPTION in (/home/storage/programs/chip_making/space_shuttle_gf_node/venv/bin/python3.10): 'utf-8' codec can't decode byte 0xc0 in position 24: invalid start byte
2022-12-03 21:44:45 - [ERROR] - SPDX COMPLIANCE FILE UNICODE DECODE EXCEPTION in (/home/storage/programs/chip_making/space_shuttle_gf_node/venv/bin/python3): 'utf-8' codec can't decode byte 0xc0 in position 24: invalid start byte
2022-12-03 21:44:45 - [ERROR] - SPDX COMPLIANCE FILE UNICODE DECODE EXCEPTION in (/home/storage/programs/chip_making/space_shuttle_gf_node/venv/bin/python): 'utf-8' codec can't decode byte 0xc0 in position 24: invalid start byte
2022-12-03 21:44:50 - [ERROR] - SPDX COMPLIANCE FILE UNICODE DECODE EXCEPTION in (/home/storage/programs/chip_making/space_shuttle_gf_node/dependencies/openlane_src/docs/_static/striVe.jpeg): 'utf-8' codec can't decode byte 0xff in position 0: invalid start byte
2022-12-03 21:44:50 - [ERROR] - SPDX COMPLIANCE FILE UNICODE DECODE EXCEPTION in (/home/storage/programs/chip_making/space_shuttle_gf_node/dependencies/openlane_src/docs/_static/src/lvs_issue_comparison.xcf): 'utf-8' codec can't decode byte 0x96 in position 29: invalid start byte
2022-12-03 21:44:50 - [ERROR] - SPDX COMPLIANCE FILE UNICODE DECODE EXCEPTION in (/home/storage/programs/chip_making/space_shuttle_gf_node/dependencies/openlane_src/docs/_static/src/ring_around_macro.xcf): 'utf-8' codec can't decode byte 0x8d in position 21: invalid start byte
2022-12-03 21:46:13 - [ERROR] - SPDX COMPLIANCE FILE UNICODE DECODE EXCEPTION in (/home/storage/programs/chip_making/space_shuttle_gf_node/openlane/user_project_wrapper/runs/22_12_03_14_29/results/routing/user_project_wrapper.odb): 'utf-8' codec can't decode byte 0xe6 in position 16: invalid continuation byte
2022-12-03 21:46:13 - [ERROR] - SPDX COMPLIANCE FILE UNICODE DECODE EXCEPTION in (/home/storage/programs/chip_making/space_shuttle_gf_node/openlane/user_project_wrapper/runs/22_12_03_14_29/results/placement/user_project_wrapper.odb): 'utf-8' codec can't decode byte 0xe6 in position 16: invalid continuation byte
2022-12-03 21:46:13 - [ERROR] - SPDX COMPLIANCE FILE UNICODE DECODE EXCEPTION in (/home/storage/programs/chip_making/space_shuttle_gf_node/openlane/user_project_wrapper/runs/22_12_03_14_29/tmp/9-user_project_wrapper.odb): 'utf-8' codec can't decode byte 0xe6 in position 16: invalid continuation byte
2022-12-03 21:46:13 - [ERROR] - SPDX COMPLIANCE FILE UNICODE DECODE EXCEPTION in (/home/storage/programs/chip_making/space_shuttle_gf_node/openlane/user_project_wrapper/runs/22_12_03_14_29/tmp/floorplan/3-initial_fp.odb): 'utf-8' codec can't decode byte 0xe6 in position 16: invalid continuation byte
2022-12-03 21:46:13 - [ERROR] - SPDX COMPLIANCE FILE UNICODE DECODE EXCEPTION in (/home/storage/programs/chip_making/space_shuttle_gf_node/openlane/user_project_wrapper/runs/22_12_03_14_29/tmp/floorplan/4-io.odb): 'utf-8' codec can't decode byte 0xe6 in position 16: invalid continuation byte
2022-12-03 21:46:13 - [ERROR] - SPDX COMPLIANCE FILE UNICODE DECODE EXCEPTION in (/home/storage/programs/chip_making/space_shuttle_gf_node/openlane/user_project_wrapper/runs/22_12_03_14_29/tmp/floorplan/6-pdn.odb): 'utf-8' codec can't decode byte 0xe6 in position 16: invalid continuation byte
2022-12-03 21:46:13 - [ERROR] - SPDX COMPLIANCE FILE UNICODE DECODE EXCEPTION in (/home/storage/programs/chip_making/space_shuttle_gf_node/openlane/user_project_wrapper/runs/22_12_03_14_29/tmp/floorplan/4-io.macro_placement.odb): 'utf-8' codec can't decode byte 0xe6 in position 16: invalid continuation byte
2022-12-03 21:46:13 - [ERROR] - SPDX COMPLIANCE FILE UNICODE DECODE EXCEPTION in (/home/storage/programs/chip_making/space_shuttle_gf_node/openlane/user_project_wrapper/runs/22_12_03_14_29/tmp/routing/11-global.odb): 'utf-8' codec can't decode byte 0xe6 in position 16: invalid continuation byte
2022-12-03 21:46:13 - [ERROR] - SPDX COMPLIANCE FILE UNICODE DECODE EXCEPTION in (/home/storage/programs/chip_making/space_shuttle_gf_node/openlane/user_project_wrapper/runs/22_12_03_14_29/tmp/routing/diode.odb): 'utf-8' codec can't decode byte 0xe6 in position 16: invalid continuation byte
2022-12-03 21:46:13 - [ERROR] - SPDX COMPLIANCE FILE UNICODE DECODE EXCEPTION in (/home/storage/programs/chip_making/space_shuttle_gf_node/openlane/user_project_wrapper/runs/22_12_03_14_29/tmp/placement/7-global.odb): 'utf-8' codec can't decode byte 0xe6 in position 16: invalid continuation byte
2022-12-03 21:46:19 - [ERROR] - SPDX COMPLIANCE FILE UNICODE DECODE EXCEPTION in (/home/storage/programs/chip_making/space_shuttle_gf_node/openlane/user_proj_example/runs/22_12_02_21_00/results/floorplan/user_proj_example.odb): 'utf-8' codec can't decode byte 0xe5 in position 16: invalid continuation byte
2022-12-03 21:46:19 - [ERROR] - SPDX COMPLIANCE FILE UNICODE DECODE EXCEPTION in (/home/storage/programs/chip_making/space_shuttle_gf_node/openlane/user_proj_example/runs/22_12_02_21_00/results/placement/user_proj_example.odb): 'utf-8' codec can't decode byte 0xe5 in position 16: invalid continuation byte
2022-12-03 21:46:21 - [ERROR] - SPDX COMPLIANCE FILE UNICODE DECODE EXCEPTION in (/home/storage/programs/chip_making/space_shuttle_gf_node/openlane/user_proj_example/runs/22_12_02_21_00/results/cts/user_proj_example.odb): 'utf-8' codec can't decode byte 0xe5 in position 16: invalid continuation byte
2022-12-03 21:46:21 - [ERROR] - SPDX COMPLIANCE FILE UNICODE DECODE EXCEPTION in (/home/storage/programs/chip_making/space_shuttle_gf_node/openlane/user_proj_example/runs/22_12_02_21_00/tmp/floorplan/3-initial_fp.odb): 'utf-8' codec can't decode byte 0xe5 in position 16: invalid continuation byte
2022-12-03 21:46:21 - [ERROR] - SPDX COMPLIANCE FILE UNICODE DECODE EXCEPTION in (/home/storage/programs/chip_making/space_shuttle_gf_node/openlane/user_proj_example/runs/22_12_02_21_00/tmp/floorplan/4-io.odb): 'utf-8' codec can't decode byte 0xe5 in position 16: invalid continuation byte
2022-12-03 21:46:21 - [ERROR] - SPDX COMPLIANCE FILE UNICODE DECODE EXCEPTION in (/home/storage/programs/chip_making/space_shuttle_gf_node/openlane/user_proj_example/runs/22_12_02_21_00/tmp/floorplan/6-pdn.odb): 'utf-8' codec can't decode byte 0xe5 in position 16: invalid continuation byte
2022-12-03 21:46:21 - [ERROR] - SPDX COMPLIANCE FILE UNICODE DECODE EXCEPTION in (/home/storage/programs/chip_making/space_shuttle_gf_node/openlane/user_proj_example/runs/22_12_02_21_00/tmp/placement/8-resizer.odb): 'utf-8' codec can't decode byte 0xe5 in position 16: invalid continuation byte
2022-12-03 21:46:21 - [ERROR] - SPDX COMPLIANCE FILE UNICODE DECODE EXCEPTION in (/home/storage/programs/chip_making/space_shuttle_gf_node/openlane/user_proj_example/runs/22_12_02_21_00/tmp/placement/7-global.odb): 'utf-8' codec can't decode byte 0xe5 in position 16: invalid continuation byte
2022-12-03 21:46:23 - [ERROR] - SPDX COMPLIANCE FILE UNICODE DECODE EXCEPTION in (/home/storage/programs/chip_making/space_shuttle_gf_node/openlane/user_proj_example/runs/22_12_02_21_00/tmp/cts/11-user_proj_example.resized.odb): 'utf-8' codec can't decode byte 0xe5 in position 16: invalid continuation byte
2022-12-03 21:46:24 - [ERROR] - SPDX COMPLIANCE FILE UNICODE DECODE EXCEPTION in (/home/storage/programs/chip_making/space_shuttle_gf_node/openlane/user_proj_example/runs/22_12_02_21_00/issue_reproducible/tmp/cts/11-user_proj_example.resized.odb): 'utf-8' codec can't decode byte 0xe5 in position 16: invalid continuation byte
2022-12-03 21:46:25 - [ERROR] - SPDX COMPLIANCE FILE UNICODE DECODE EXCEPTION in (/home/storage/programs/chip_making/space_shuttle_gf_node/openlane/user_proj_example/runs/22_12_02_21_38/results/floorplan/user_proj_example.odb): 'utf-8' codec can't decode byte 0xe5 in position 16: invalid continuation byte
2022-12-03 21:46:25 - [ERROR] - SPDX COMPLIANCE FILE UNICODE DECODE EXCEPTION in (/home/storage/programs/chip_making/space_shuttle_gf_node/openlane/user_proj_example/runs/22_12_02_21_38/results/placement/user_proj_example.odb): 'utf-8' codec can't decode byte 0xe5 in position 16: invalid continuation byte
2022-12-03 21:46:27 - [ERROR] - SPDX COMPLIANCE FILE UNICODE DECODE EXCEPTION in (/home/storage/programs/chip_making/space_shuttle_gf_node/openlane/user_proj_example/runs/22_12_02_21_38/results/cts/user_proj_example.odb): 'utf-8' codec can't decode byte 0xe5 in position 16: invalid continuation byte
2022-12-03 21:46:27 - [ERROR] - SPDX COMPLIANCE FILE UNICODE DECODE EXCEPTION in (/home/storage/programs/chip_making/space_shuttle_gf_node/openlane/user_proj_example/runs/22_12_02_21_38/tmp/floorplan/3-initial_fp.odb): 'utf-8' codec can't decode byte 0xe5 in position 16: invalid continuation byte
2022-12-03 21:46:27 - [ERROR] - SPDX COMPLIANCE FILE UNICODE DECODE EXCEPTION in (/home/storage/programs/chip_making/space_shuttle_gf_node/openlane/user_proj_example/runs/22_12_02_21_38/tmp/floorplan/4-io.odb): 'utf-8' codec can't decode byte 0xe5 in position 16: invalid continuation byte
2022-12-03 21:46:27 - [ERROR] - SPDX COMPLIANCE FILE UNICODE DECODE EXCEPTION in (/home/storage/programs/chip_making/space_shuttle_gf_node/openlane/user_proj_example/runs/22_12_02_21_38/tmp/floorplan/6-pdn.odb): 'utf-8' codec can't decode byte 0xe5 in position 16: invalid continuation byte
2022-12-03 21:46:27 - [ERROR] - SPDX COMPLIANCE FILE UNICODE DECODE EXCEPTION in (/home/storage/programs/chip_making/space_shuttle_gf_node/openlane/user_proj_example/runs/22_12_02_21_38/tmp/placement/8-resizer.odb): 'utf-8' codec can't decode byte 0xe5 in position 16: invalid continuation byte
2022-12-03 21:46:27 - [ERROR] - SPDX COMPLIANCE FILE UNICODE DECODE EXCEPTION in (/home/storage/programs/chip_making/space_shuttle_gf_node/openlane/user_proj_example/runs/22_12_02_21_38/tmp/placement/7-global.odb): 'utf-8' codec can't decode byte 0xe5 in position 16: invalid continuation byte
2022-12-03 21:46:29 - [ERROR] - SPDX COMPLIANCE FILE UNICODE DECODE EXCEPTION in (/home/storage/programs/chip_making/space_shuttle_gf_node/openlane/user_proj_example/runs/22_12_02_21_38/tmp/cts/11-user_proj_example.resized.odb): 'utf-8' codec can't decode byte 0xe5 in position 16: invalid continuation byte
2022-12-03 21:46:30 - [ERROR] - SPDX COMPLIANCE FILE UNICODE DECODE EXCEPTION in (/home/storage/programs/chip_making/space_shuttle_gf_node/openlane/user_proj_example/runs/22_12_02_21_38/issue_reproducible/tmp/cts/11-user_proj_example.resized.odb): 'utf-8' codec can't decode byte 0xe5 in position 16: invalid continuation byte
2022-12-03 21:46:31 - [ERROR] - SPDX COMPLIANCE FILE UNICODE DECODE EXCEPTION in (/home/storage/programs/chip_making/space_shuttle_gf_node/openlane/user_proj_example/runs/22_12_02_22_48/results/floorplan/user_proj_example.odb): 'utf-8' codec can't decode byte 0xe5 in position 16: invalid continuation byte
2022-12-03 21:46:31 - [ERROR] - SPDX COMPLIANCE FILE UNICODE DECODE EXCEPTION in (/home/storage/programs/chip_making/space_shuttle_gf_node/openlane/user_proj_example/runs/22_12_02_22_48/results/placement/user_proj_example.odb): 'utf-8' codec can't decode byte 0xe5 in position 16: invalid continuation byte
2022-12-03 21:46:33 - [ERROR] - SPDX COMPLIANCE FILE UNICODE DECODE EXCEPTION in (/home/storage/programs/chip_making/space_shuttle_gf_node/openlane/user_proj_example/runs/22_12_02_22_48/results/cts/user_proj_example.odb): 'utf-8' codec can't decode byte 0xe5 in position 16: invalid continuation byte
2022-12-03 21:46:33 - [ERROR] - SPDX COMPLIANCE FILE UNICODE DECODE EXCEPTION in (/home/storage/programs/chip_making/space_shuttle_gf_node/openlane/user_proj_example/runs/22_12_02_22_48/tmp/12-user_proj_example.odb): 'utf-8' codec can't decode byte 0xe5 in position 16: invalid continuation byte
2022-12-03 21:46:33 - [ERROR] - SPDX COMPLIANCE FILE UNICODE DECODE EXCEPTION in (/home/storage/programs/chip_making/space_shuttle_gf_node/openlane/user_proj_example/runs/22_12_02_22_48/tmp/floorplan/3-initial_fp.odb): 'utf-8' codec can't decode byte 0xe5 in position 16: invalid continuation byte
2022-12-03 21:46:33 - [ERROR] - SPDX COMPLIANCE FILE UNICODE DECODE EXCEPTION in (/home/storage/programs/chip_making/space_shuttle_gf_node/openlane/user_proj_example/runs/22_12_02_22_48/tmp/floorplan/4-io.odb): 'utf-8' codec can't decode byte 0xe5 in position 16: invalid continuation byte
2022-12-03 21:46:33 - [ERROR] - SPDX COMPLIANCE FILE UNICODE DECODE EXCEPTION in (/home/storage/programs/chip_making/space_shuttle_gf_node/openlane/user_proj_example/runs/22_12_02_22_48/tmp/floorplan/6-pdn.odb): 'utf-8' codec can't decode byte 0xe5 in position 16: invalid continuation byte
2022-12-03 21:46:33 - [ERROR] - SPDX COMPLIANCE FILE UNICODE DECODE EXCEPTION in (/home/storage/programs/chip_making/space_shuttle_gf_node/openlane/user_proj_example/runs/22_12_02_22_48/tmp/routing/13-diodes.odb): 'utf-8' codec can't decode byte 0xe5 in position 16: invalid continuation byte
2022-12-03 21:46:34 - [ERROR] - SPDX COMPLIANCE FILE UNICODE DECODE EXCEPTION in (/home/storage/programs/chip_making/space_shuttle_gf_node/openlane/user_proj_example/runs/22_12_02_22_48/tmp/routing/15-fill.odb): 'utf-8' codec can't decode byte 0xe5 in position 16: invalid continuation byte
2022-12-03 21:46:34 - [ERROR] - SPDX COMPLIANCE FILE UNICODE DECODE EXCEPTION in (/home/storage/programs/chip_making/space_shuttle_gf_node/openlane/user_proj_example/runs/22_12_02_22_48/tmp/routing/diodes.odb): 'utf-8' codec can't decode byte 0xe5 in position 16: invalid continuation byte
2022-12-03 21:46:35 - [ERROR] - SPDX COMPLIANCE FILE UNICODE DECODE EXCEPTION in (/home/storage/programs/chip_making/space_shuttle_gf_node/openlane/user_proj_example/runs/22_12_02_22_48/tmp/placement/8-resizer.odb): 'utf-8' codec can't decode byte 0xe5 in position 16: invalid continuation byte
2022-12-03 21:46:35 - [ERROR] - SPDX COMPLIANCE FILE UNICODE DECODE EXCEPTION in (/home/storage/programs/chip_making/space_shuttle_gf_node/openlane/user_proj_example/runs/22_12_02_22_48/tmp/placement/7-global.odb): 'utf-8' codec can't decode byte 0xe5 in position 16: invalid continuation byte
2022-12-03 21:46:37 - [ERROR] - SPDX COMPLIANCE FILE UNICODE DECODE EXCEPTION in (/home/storage/programs/chip_making/space_shuttle_gf_node/openlane/user_proj_example/runs/22_12_02_22_48/tmp/cts/11-user_proj_example.resized.odb): 'utf-8' codec can't decode byte 0xe5 in position 16: invalid continuation byte
2022-12-03 21:46:38 - [ERROR] - SPDX COMPLIANCE FILE UNICODE DECODE EXCEPTION in (/home/storage/programs/chip_making/space_shuttle_gf_node/openlane/user_proj_example/runs/22_12_02_22_48/issue_reproducible/tmp/routing/15-fill.odb): 'utf-8' codec can't decode byte 0xe5 in position 16: invalid continuation byte
2022-12-03 21:46:39 - [ERROR] - SPDX COMPLIANCE FILE UNICODE DECODE EXCEPTION in (/home/storage/programs/chip_making/space_shuttle_gf_node/openlane/user_proj_example/runs/22_12_03_11_52/results/floorplan/user_proj_example.odb): 'utf-8' codec can't decode byte 0xe5 in position 16: invalid continuation byte
2022-12-03 21:46:39 - [ERROR] - SPDX COMPLIANCE FILE UNICODE DECODE EXCEPTION in (/home/storage/programs/chip_making/space_shuttle_gf_node/openlane/user_proj_example/runs/22_12_03_11_52/results/placement/user_proj_example.odb): 'utf-8' codec can't decode byte 0xe5 in position 16: invalid continuation byte
2022-12-03 21:46:41 - [ERROR] - SPDX COMPLIANCE FILE UNICODE DECODE EXCEPTION in (/home/storage/programs/chip_making/space_shuttle_gf_node/openlane/user_proj_example/runs/22_12_03_11_52/results/cts/user_proj_example.odb): 'utf-8' codec can't decode byte 0xe5 in position 16: invalid continuation byte
2022-12-03 21:46:41 - [ERROR] - SPDX COMPLIANCE FILE UNICODE DECODE EXCEPTION in (/home/storage/programs/chip_making/space_shuttle_gf_node/openlane/user_proj_example/runs/22_12_03_11_52/tmp/12-user_proj_example.odb): 'utf-8' codec can't decode byte 0xe5 in position 16: invalid continuation byte
2022-12-03 21:46:42 - [ERROR] - SPDX COMPLIANCE FILE UNICODE DECODE EXCEPTION in (/home/storage/programs/chip_making/space_shuttle_gf_node/openlane/user_proj_example/runs/22_12_03_11_52/tmp/floorplan/3-initial_fp.odb): 'utf-8' codec can't decode byte 0xe5 in position 16: invalid continuation byte
2022-12-03 21:46:42 - [ERROR] - SPDX COMPLIANCE FILE UNICODE DECODE EXCEPTION in (/home/storage/programs/chip_making/space_shuttle_gf_node/openlane/user_proj_example/runs/22_12_03_11_52/tmp/floorplan/4-io.odb): 'utf-8' codec can't decode byte 0xe5 in position 16: invalid continuation byte
2022-12-03 21:46:42 - [ERROR] - SPDX COMPLIANCE FILE UNICODE DECODE EXCEPTION in (/home/storage/programs/chip_making/space_shuttle_gf_node/openlane/user_proj_example/runs/22_12_03_11_52/tmp/floorplan/6-pdn.odb): 'utf-8' codec can't decode byte 0xe5 in position 16: invalid continuation byte
2022-12-03 21:46:42 - [ERROR] - SPDX COMPLIANCE FILE UNICODE DECODE EXCEPTION in (/home/storage/programs/chip_making/space_shuttle_gf_node/openlane/user_proj_example/runs/22_12_03_11_52/tmp/routing/13-diodes.odb): 'utf-8' codec can't decode byte 0xe5 in position 16: invalid continuation byte
2022-12-03 21:46:43 - [ERROR] - SPDX COMPLIANCE FILE UNICODE DECODE EXCEPTION in (/home/storage/programs/chip_making/space_shuttle_gf_node/openlane/user_proj_example/runs/22_12_03_11_52/tmp/routing/15-fill.odb): 'utf-8' codec can't decode byte 0xe5 in position 16: invalid continuation byte
2022-12-03 21:46:43 - [ERROR] - SPDX COMPLIANCE FILE UNICODE DECODE EXCEPTION in (/home/storage/programs/chip_making/space_shuttle_gf_node/openlane/user_proj_example/runs/22_12_03_11_52/tmp/routing/diodes.odb): 'utf-8' codec can't decode byte 0xe5 in position 16: invalid continuation byte
2022-12-03 21:46:44 - [ERROR] - SPDX COMPLIANCE FILE UNICODE DECODE EXCEPTION in (/home/storage/programs/chip_making/space_shuttle_gf_node/openlane/user_proj_example/runs/22_12_03_11_52/tmp/placement/8-resizer.odb): 'utf-8' codec can't decode byte 0xe5 in position 16: invalid continuation byte
2022-12-03 21:46:44 - [ERROR] - SPDX COMPLIANCE FILE UNICODE DECODE EXCEPTION in (/home/storage/programs/chip_making/space_shuttle_gf_node/openlane/user_proj_example/runs/22_12_03_11_52/tmp/placement/7-global.odb): 'utf-8' codec can't decode byte 0xe5 in position 16: invalid continuation byte
2022-12-03 21:46:46 - [ERROR] - SPDX COMPLIANCE FILE UNICODE DECODE EXCEPTION in (/home/storage/programs/chip_making/space_shuttle_gf_node/openlane/user_proj_example/runs/22_12_03_11_52/tmp/cts/11-user_proj_example.resized.odb): 'utf-8' codec can't decode byte 0xe5 in position 16: invalid continuation byte
2022-12-03 21:46:47 - [ERROR] - SPDX COMPLIANCE FILE UNICODE DECODE EXCEPTION in (/home/storage/programs/chip_making/space_shuttle_gf_node/openlane/user_proj_example/runs/22_12_03_11_52/issue_reproducible/tmp/routing/15-fill.odb): 'utf-8' codec can't decode byte 0xe5 in position 16: invalid continuation byte
2022-12-03 21:46:49 - [ERROR] - SPDX COMPLIANCE FILE UNICODE DECODE EXCEPTION in (/home/storage/programs/chip_making/space_shuttle_gf_node/openlane/user_proj_example/runs/22_12_03_12_55/results/floorplan/user_proj_example.odb): 'utf-8' codec can't decode byte 0xe5 in position 16: invalid continuation byte
2022-12-03 21:46:49 - [ERROR] - SPDX COMPLIANCE FILE UNICODE DECODE EXCEPTION in (/home/storage/programs/chip_making/space_shuttle_gf_node/openlane/user_proj_example/runs/22_12_03_12_55/results/routing/user_proj_example.odb): 'utf-8' codec can't decode byte 0xe5 in position 16: invalid continuation byte
2022-12-03 21:47:00 - [ERROR] - SPDX COMPLIANCE FILE UNICODE DECODE EXCEPTION in (/home/storage/programs/chip_making/space_shuttle_gf_node/openlane/user_proj_example/runs/22_12_03_12_55/results/placement/user_proj_example.odb): 'utf-8' codec can't decode byte 0xe5 in position 16: invalid continuation byte
2022-12-03 21:47:09 - [ERROR] - SPDX COMPLIANCE FILE UNICODE DECODE EXCEPTION in (/home/storage/programs/chip_making/space_shuttle_gf_node/openlane/user_proj_example/runs/22_12_03_12_55/results/cts/user_proj_example.odb): 'utf-8' codec can't decode byte 0xe5 in position 16: invalid continuation byte
2022-12-03 21:47:09 - [ERROR] - SPDX COMPLIANCE FILE UNICODE DECODE EXCEPTION in (/home/storage/programs/chip_making/space_shuttle_gf_node/openlane/user_proj_example/runs/22_12_03_12_55/tmp/12-user_proj_example.odb): 'utf-8' codec can't decode byte 0xe5 in position 16: invalid continuation byte
2022-12-03 21:47:10 - [ERROR] - SPDX COMPLIANCE FILE UNICODE DECODE EXCEPTION in (/home/storage/programs/chip_making/space_shuttle_gf_node/openlane/user_proj_example/runs/22_12_03_12_55/tmp/floorplan/3-initial_fp.odb): 'utf-8' codec can't decode byte 0xe5 in position 16: invalid continuation byte
2022-12-03 21:47:10 - [ERROR] - SPDX COMPLIANCE FILE UNICODE DECODE EXCEPTION in (/home/storage/programs/chip_making/space_shuttle_gf_node/openlane/user_proj_example/runs/22_12_03_12_55/tmp/floorplan/4-io.odb): 'utf-8' codec can't decode byte 0xe5 in position 16: invalid continuation byte
2022-12-03 21:47:10 - [ERROR] - SPDX COMPLIANCE FILE UNICODE DECODE EXCEPTION in (/home/storage/programs/chip_making/space_shuttle_gf_node/openlane/user_proj_example/runs/22_12_03_12_55/tmp/floorplan/6-pdn.odb): 'utf-8' codec can't decode byte 0xe5 in position 16: invalid continuation byte
2022-12-03 21:47:14 - [ERROR] - SPDX COMPLIANCE FILE UNICODE DECODE EXCEPTION in (/home/storage/programs/chip_making/space_shuttle_gf_node/openlane/user_proj_example/runs/22_12_03_12_55/tmp/routing/13-diodes.odb): 'utf-8' codec can't decode byte 0xe5 in position 16: invalid continuation byte
2022-12-03 21:47:15 - [ERROR] - SPDX COMPLIANCE FILE UNICODE DECODE EXCEPTION in (/home/storage/programs/chip_making/space_shuttle_gf_node/openlane/user_proj_example/runs/22_12_03_12_55/tmp/routing/15-fill.odb): 'utf-8' codec can't decode byte 0xe5 in position 16: invalid continuation byte
2022-12-03 21:47:15 - [ERROR] - SPDX COMPLIANCE FILE UNICODE DECODE EXCEPTION in (/home/storage/programs/chip_making/space_shuttle_gf_node/openlane/user_proj_example/runs/22_12_03_12_55/tmp/routing/16-global.odb): 'utf-8' codec can't decode byte 0xe5 in position 16: invalid continuation byte
2022-12-03 21:47:15 - [ERROR] - SPDX COMPLIANCE FILE UNICODE DECODE EXCEPTION in (/home/storage/programs/chip_making/space_shuttle_gf_node/openlane/user_proj_example/runs/22_12_03_12_55/tmp/routing/diodes.odb): 'utf-8' codec can't decode byte 0xe5 in position 16: invalid continuation byte
2022-12-03 21:47:18 - [ERROR] - SPDX COMPLIANCE FILE UNICODE DECODE EXCEPTION in (/home/storage/programs/chip_making/space_shuttle_gf_node/openlane/user_proj_example/runs/22_12_03_12_55/tmp/placement/8-resizer.odb): 'utf-8' codec can't decode byte 0xe5 in position 16: invalid continuation byte
2022-12-03 21:47:18 - [ERROR] - SPDX COMPLIANCE FILE UNICODE DECODE EXCEPTION in (/home/storage/programs/chip_making/space_shuttle_gf_node/openlane/user_proj_example/runs/22_12_03_12_55/tmp/placement/7-global.odb): 'utf-8' codec can't decode byte 0xe5 in position 16: invalid continuation byte
2022-12-03 21:47:20 - [ERROR] - SPDX COMPLIANCE FILE UNICODE DECODE EXCEPTION in (/home/storage/programs/chip_making/space_shuttle_gf_node/openlane/user_proj_example/runs/22_12_03_12_55/tmp/cts/11-user_proj_example.resized.odb): 'utf-8' codec can't decode byte 0xe5 in position 16: invalid continuation byte
2022-12-03 21:47:21 - [ERROR] - SPDX COMPLIANCE FILE UNICODE DECODE EXCEPTION in (/home/storage/programs/chip_making/space_shuttle_gf_node/openlane/user_proj_example/runs/22_12_03_00_54/results/floorplan/user_proj_example.odb): 'utf-8' codec can't decode byte 0xe5 in position 16: invalid continuation byte
2022-12-03 21:47:21 - [ERROR] - SPDX COMPLIANCE FILE UNICODE DECODE EXCEPTION in (/home/storage/programs/chip_making/space_shuttle_gf_node/openlane/user_proj_example/runs/22_12_03_00_54/results/placement/user_proj_example.odb): 'utf-8' codec can't decode byte 0xe5 in position 16: invalid continuation byte
2022-12-03 21:47:22 - [ERROR] - SPDX COMPLIANCE FILE UNICODE DECODE EXCEPTION in (/home/storage/programs/chip_making/space_shuttle_gf_node/openlane/user_proj_example/runs/22_12_03_00_54/results/cts/user_proj_example.odb): 'utf-8' codec can't decode byte 0xe5 in position 16: invalid continuation byte
2022-12-03 21:47:22 - [ERROR] - SPDX COMPLIANCE FILE UNICODE DECODE EXCEPTION in (/home/storage/programs/chip_making/space_shuttle_gf_node/openlane/user_proj_example/runs/22_12_03_00_54/tmp/12-user_proj_example.odb): 'utf-8' codec can't decode byte 0xe5 in position 16: invalid continuation byte
2022-12-03 21:47:23 - [ERROR] - SPDX COMPLIANCE FILE UNICODE DECODE EXCEPTION in (/home/storage/programs/chip_making/space_shuttle_gf_node/openlane/user_proj_example/runs/22_12_03_00_54/tmp/floorplan/3-initial_fp.odb): 'utf-8' codec can't decode byte 0xe5 in position 16: invalid continuation byte
2022-12-03 21:47:23 - [ERROR] - SPDX COMPLIANCE FILE UNICODE DECODE EXCEPTION in (/home/storage/programs/chip_making/space_shuttle_gf_node/openlane/user_proj_example/runs/22_12_03_00_54/tmp/floorplan/4-io.odb): 'utf-8' codec can't decode byte 0xe5 in position 16: invalid continuation byte
2022-12-03 21:47:23 - [ERROR] - SPDX COMPLIANCE FILE UNICODE DECODE EXCEPTION in (/home/storage/programs/chip_making/space_shuttle_gf_node/openlane/user_proj_example/runs/22_12_03_00_54/tmp/floorplan/6-pdn.odb): 'utf-8' codec can't decode byte 0xe5 in position 16: invalid continuation byte
2022-12-03 21:47:23 - [ERROR] - SPDX COMPLIANCE FILE UNICODE DECODE EXCEPTION in (/home/storage/programs/chip_making/space_shuttle_gf_node/openlane/user_proj_example/runs/22_12_03_00_54/tmp/routing/13-diodes.odb): 'utf-8' codec can't decode byte 0xe5 in position 16: invalid continuation byte
2022-12-03 21:47:23 - [ERROR] - SPDX COMPLIANCE FILE UNICODE DECODE EXCEPTION in (/home/storage/programs/chip_making/space_shuttle_gf_node/openlane/user_proj_example/runs/22_12_03_00_54/tmp/routing/15-fill.odb): 'utf-8' codec can't decode byte 0xe5 in position 16: invalid continuation byte
2022-12-03 21:47:24 - [ERROR] - SPDX COMPLIANCE FILE UNICODE DECODE EXCEPTION in (/home/storage/programs/chip_making/space_shuttle_gf_node/openlane/user_proj_example/runs/22_12_03_00_54/tmp/routing/diodes.odb): 'utf-8' codec can't decode byte 0xe5 in position 16: invalid continuation byte
2022-12-03 21:47:25 - [ERROR] - SPDX COMPLIANCE FILE UNICODE DECODE EXCEPTION in (/home/storage/programs/chip_making/space_shuttle_gf_node/openlane/user_proj_example/runs/22_12_03_00_54/tmp/placement/8-resizer.odb): 'utf-8' codec can't decode byte 0xe5 in position 16: invalid continuation byte
2022-12-03 21:47:25 - [ERROR] - SPDX COMPLIANCE FILE UNICODE DECODE EXCEPTION in (/home/storage/programs/chip_making/space_shuttle_gf_node/openlane/user_proj_example/runs/22_12_03_00_54/tmp/placement/7-global.odb): 'utf-8' codec can't decode byte 0xe5 in position 16: invalid continuation byte
2022-12-03 21:47:27 - [ERROR] - SPDX COMPLIANCE FILE UNICODE DECODE EXCEPTION in (/home/storage/programs/chip_making/space_shuttle_gf_node/openlane/user_proj_example/runs/22_12_03_00_54/tmp/cts/11-user_proj_example.resized.odb): 'utf-8' codec can't decode byte 0xe5 in position 16: invalid continuation byte
2022-12-03 21:47:28 - [ERROR] - SPDX COMPLIANCE FILE UNICODE DECODE EXCEPTION in (/home/storage/programs/chip_making/space_shuttle_gf_node/openlane/user_proj_example/runs/22_12_03_00_54/issue_reproducible/tmp/routing/15-fill.odb): 'utf-8' codec can't decode byte 0xe5 in position 16: invalid continuation byte
2022-12-03 21:47:29 - [ERROR] - SPDX COMPLIANCE FILE UNICODE DECODE EXCEPTION in (/home/storage/programs/chip_making/space_shuttle_gf_node/openlane/user_proj_example/runs/22_12_03_02_16/results/floorplan/user_proj_example.odb): 'utf-8' codec can't decode byte 0xe5 in position 16: invalid continuation byte
2022-12-03 21:47:29 - [ERROR] - SPDX COMPLIANCE FILE UNICODE DECODE EXCEPTION in (/home/storage/programs/chip_making/space_shuttle_gf_node/openlane/user_proj_example/runs/22_12_03_02_16/results/placement/user_proj_example.odb): 'utf-8' codec can't decode byte 0xe5 in position 16: invalid continuation byte
2022-12-03 21:47:31 - [ERROR] - SPDX COMPLIANCE FILE UNICODE DECODE EXCEPTION in (/home/storage/programs/chip_making/space_shuttle_gf_node/openlane/user_proj_example/runs/22_12_03_02_16/results/cts/user_proj_example.odb): 'utf-8' codec can't decode byte 0xe5 in position 16: invalid continuation byte
2022-12-03 21:47:31 - [ERROR] - SPDX COMPLIANCE FILE UNICODE DECODE EXCEPTION in (/home/storage/programs/chip_making/space_shuttle_gf_node/openlane/user_proj_example/runs/22_12_03_02_16/tmp/floorplan/3-initial_fp.odb): 'utf-8' codec can't decode byte 0xe5 in position 16: invalid continuation byte
2022-12-03 21:47:31 - [ERROR] - SPDX COMPLIANCE FILE UNICODE DECODE EXCEPTION in (/home/storage/programs/chip_making/space_shuttle_gf_node/openlane/user_proj_example/runs/22_12_03_02_16/tmp/floorplan/4-io.odb): 'utf-8' codec can't decode byte 0xe5 in position 16: invalid continuation byte
2022-12-03 21:47:31 - [ERROR] - SPDX COMPLIANCE FILE UNICODE DECODE EXCEPTION in (/home/storage/programs/chip_making/space_shuttle_gf_node/openlane/user_proj_example/runs/22_12_03_02_16/tmp/floorplan/6-pdn.odb): 'utf-8' codec can't decode byte 0xe5 in position 16: invalid continuation byte
2022-12-03 21:47:31 - [ERROR] - SPDX COMPLIANCE FILE UNICODE DECODE EXCEPTION in (/home/storage/programs/chip_making/space_shuttle_gf_node/openlane/user_proj_example/runs/22_12_03_02_16/tmp/placement/8-resizer.odb): 'utf-8' codec can't decode byte 0xe5 in position 16: invalid continuation byte
2022-12-03 21:47:31 - [ERROR] - SPDX COMPLIANCE FILE UNICODE DECODE EXCEPTION in (/home/storage/programs/chip_making/space_shuttle_gf_node/openlane/user_proj_example/runs/22_12_03_02_16/tmp/placement/7-global.odb): 'utf-8' codec can't decode byte 0xe5 in position 16: invalid continuation byte
2022-12-03 21:47:33 - [ERROR] - SPDX COMPLIANCE FILE UNICODE DECODE EXCEPTION in (/home/storage/programs/chip_making/space_shuttle_gf_node/openlane/user_proj_example/runs/22_12_03_02_16/tmp/cts/11-user_proj_example.resized.odb): 'utf-8' codec can't decode byte 0xe5 in position 16: invalid continuation byte
2022-12-03 21:47:34 - [ERROR] - SPDX COMPLIANCE FILE UNICODE DECODE EXCEPTION in (/home/storage/programs/chip_making/space_shuttle_gf_node/openlane/user_proj_example/runs/22_12_03_02_16/issue_reproducible/tmp/cts/11-user_proj_example.resized.odb): 'utf-8' codec can't decode byte 0xe5 in position 16: invalid continuation byte
2022-12-03 21:47:35 - [ERROR] - SPDX COMPLIANCE FILE UNICODE DECODE EXCEPTION in (/home/storage/programs/chip_making/space_shuttle_gf_node/openlane/user_proj_example/runs/22_12_02_20_32/results/floorplan/user_proj_example.odb): 'utf-8' codec can't decode byte 0xe5 in position 16: invalid continuation byte
2022-12-03 21:47:35 - [ERROR] - SPDX COMPLIANCE FILE UNICODE DECODE EXCEPTION in (/home/storage/programs/chip_making/space_shuttle_gf_node/openlane/user_proj_example/runs/22_12_02_20_32/results/placement/user_proj_example.odb): 'utf-8' codec can't decode byte 0xe5 in position 16: invalid continuation byte
2022-12-03 21:47:38 - [ERROR] - SPDX COMPLIANCE FILE UNICODE DECODE EXCEPTION in (/home/storage/programs/chip_making/space_shuttle_gf_node/openlane/user_proj_example/runs/22_12_02_20_32/results/cts/user_proj_example.odb): 'utf-8' codec can't decode byte 0xe5 in position 16: invalid continuation byte
2022-12-03 21:47:38 - [ERROR] - SPDX COMPLIANCE FILE UNICODE DECODE EXCEPTION in (/home/storage/programs/chip_making/space_shuttle_gf_node/openlane/user_proj_example/runs/22_12_02_20_32/tmp/floorplan/3-initial_fp.odb): 'utf-8' codec can't decode byte 0xe5 in position 16: invalid continuation byte
2022-12-03 21:47:38 - [ERROR] - SPDX COMPLIANCE FILE UNICODE DECODE EXCEPTION in (/home/storage/programs/chip_making/space_shuttle_gf_node/openlane/user_proj_example/runs/22_12_02_20_32/tmp/floorplan/4-io.odb): 'utf-8' codec can't decode byte 0xe5 in position 16: invalid continuation byte
2022-12-03 21:47:38 - [ERROR] - SPDX COMPLIANCE FILE UNICODE DECODE EXCEPTION in (/home/storage/programs/chip_making/space_shuttle_gf_node/openlane/user_proj_example/runs/22_12_02_20_32/tmp/floorplan/6-pdn.odb): 'utf-8' codec can't decode byte 0xe5 in position 16: invalid continuation byte
2022-12-03 21:47:38 - [ERROR] - SPDX COMPLIANCE FILE UNICODE DECODE EXCEPTION in (/home/storage/programs/chip_making/space_shuttle_gf_node/openlane/user_proj_example/runs/22_12_02_20_32/tmp/placement/8-resizer.odb): 'utf-8' codec can't decode byte 0xe5 in position 16: invalid continuation byte
2022-12-03 21:47:38 - [ERROR] - SPDX COMPLIANCE FILE UNICODE DECODE EXCEPTION in (/home/storage/programs/chip_making/space_shuttle_gf_node/openlane/user_proj_example/runs/22_12_02_20_32/tmp/placement/7-global.odb): 'utf-8' codec can't decode byte 0xe5 in position 16: invalid continuation byte
2022-12-03 21:47:40 - [ERROR] - SPDX COMPLIANCE FILE UNICODE DECODE EXCEPTION in (/home/storage/programs/chip_making/space_shuttle_gf_node/openlane/user_proj_example/runs/22_12_02_20_32/tmp/cts/11-user_proj_example.resized.odb): 'utf-8' codec can't decode byte 0xe5 in position 16: invalid continuation byte
2022-12-03 21:47:41 - [ERROR] - SPDX COMPLIANCE FILE UNICODE DECODE EXCEPTION in (/home/storage/programs/chip_making/space_shuttle_gf_node/openlane/user_proj_example/runs/22_12_02_20_32/issue_reproducible/tmp/cts/11-user_proj_example.resized.odb): 'utf-8' codec can't decode byte 0xe5 in position 16: invalid continuation byte
2022-12-03 21:47:42 - [ERROR] - SPDX COMPLIANCE FILE UNICODE DECODE EXCEPTION in (/home/storage/programs/chip_making/space_shuttle_gf_node/openlane/user_proj_example/runs/22_12_03_01_50/results/floorplan/user_proj_example.odb): 'utf-8' codec can't decode byte 0xe5 in position 16: invalid continuation byte
2022-12-03 21:47:42 - [ERROR] - SPDX COMPLIANCE FILE UNICODE DECODE EXCEPTION in (/home/storage/programs/chip_making/space_shuttle_gf_node/openlane/user_proj_example/runs/22_12_03_01_50/results/placement/user_proj_example.odb): 'utf-8' codec can't decode byte 0xe5 in position 16: invalid continuation byte
2022-12-03 21:47:44 - [ERROR] - SPDX COMPLIANCE FILE UNICODE DECODE EXCEPTION in (/home/storage/programs/chip_making/space_shuttle_gf_node/openlane/user_proj_example/runs/22_12_03_01_50/results/cts/user_proj_example.odb): 'utf-8' codec can't decode byte 0xe5 in position 16: invalid continuation byte
2022-12-03 21:47:44 - [ERROR] - SPDX COMPLIANCE FILE UNICODE DECODE EXCEPTION in (/home/storage/programs/chip_making/space_shuttle_gf_node/openlane/user_proj_example/runs/22_12_03_01_50/tmp/floorplan/3-initial_fp.odb): 'utf-8' codec can't decode byte 0xe5 in position 16: invalid continuation byte
2022-12-03 21:47:44 - [ERROR] - SPDX COMPLIANCE FILE UNICODE DECODE EXCEPTION in (/home/storage/programs/chip_making/space_shuttle_gf_node/openlane/user_proj_example/runs/22_12_03_01_50/tmp/floorplan/4-io.odb): 'utf-8' codec can't decode byte 0xe5 in position 16: invalid continuation byte
2022-12-03 21:47:44 - [ERROR] - SPDX COMPLIANCE FILE UNICODE DECODE EXCEPTION in (/home/storage/programs/chip_making/space_shuttle_gf_node/openlane/user_proj_example/runs/22_12_03_01_50/tmp/floorplan/6-pdn.odb): 'utf-8' codec can't decode byte 0xe5 in position 16: invalid continuation byte
2022-12-03 21:47:44 - [ERROR] - SPDX COMPLIANCE FILE UNICODE DECODE EXCEPTION in (/home/storage/programs/chip_making/space_shuttle_gf_node/openlane/user_proj_example/runs/22_12_03_01_50/tmp/placement/8-resizer.odb): 'utf-8' codec can't decode byte 0xe5 in position 16: invalid continuation byte
2022-12-03 21:47:44 - [ERROR] - SPDX COMPLIANCE FILE UNICODE DECODE EXCEPTION in (/home/storage/programs/chip_making/space_shuttle_gf_node/openlane/user_proj_example/runs/22_12_03_01_50/tmp/placement/7-global.odb): 'utf-8' codec can't decode byte 0xe5 in position 16: invalid continuation byte
2022-12-03 21:47:46 - [ERROR] - SPDX COMPLIANCE FILE UNICODE DECODE EXCEPTION in (/home/storage/programs/chip_making/space_shuttle_gf_node/openlane/user_proj_example/runs/22_12_03_01_50/tmp/cts/11-user_proj_example.resized.odb): 'utf-8' codec can't decode byte 0xe5 in position 16: invalid continuation byte
2022-12-03 21:47:47 - [ERROR] - SPDX COMPLIANCE FILE UNICODE DECODE EXCEPTION in (/home/storage/programs/chip_making/space_shuttle_gf_node/openlane/user_proj_example/runs/22_12_03_01_50/issue_reproducible/tmp/cts/11-user_proj_example.resized.odb): 'utf-8' codec can't decode byte 0xe5 in position 16: invalid continuation byte
2022-12-03 21:47:48 - [ERROR] - SPDX COMPLIANCE FILE UNICODE DECODE EXCEPTION in (/home/storage/programs/chip_making/space_shuttle_gf_node/openlane/user_proj_example/runs/22_12_02_19_33/results/floorplan/user_proj_example.odb): 'utf-8' codec can't decode byte 0xe5 in position 16: invalid continuation byte
2022-12-03 21:47:48 - [ERROR] - SPDX COMPLIANCE FILE UNICODE DECODE EXCEPTION in (/home/storage/programs/chip_making/space_shuttle_gf_node/openlane/user_proj_example/runs/22_12_02_19_33/results/placement/user_proj_example.odb): 'utf-8' codec can't decode byte 0xe5 in position 16: invalid continuation byte
2022-12-03 21:47:50 - [ERROR] - SPDX COMPLIANCE FILE UNICODE DECODE EXCEPTION in (/home/storage/programs/chip_making/space_shuttle_gf_node/openlane/user_proj_example/runs/22_12_02_19_33/results/cts/user_proj_example.odb): 'utf-8' codec can't decode byte 0xe5 in position 16: invalid continuation byte
2022-12-03 21:47:50 - [ERROR] - SPDX COMPLIANCE FILE UNICODE DECODE EXCEPTION in (/home/storage/programs/chip_making/space_shuttle_gf_node/openlane/user_proj_example/runs/22_12_02_19_33/tmp/floorplan/3-initial_fp.odb): 'utf-8' codec can't decode byte 0xe5 in position 16: invalid continuation byte
2022-12-03 21:47:50 - [ERROR] - SPDX COMPLIANCE FILE UNICODE DECODE EXCEPTION in (/home/storage/programs/chip_making/space_shuttle_gf_node/openlane/user_proj_example/runs/22_12_02_19_33/tmp/floorplan/4-io.odb): 'utf-8' codec can't decode byte 0xe5 in position 16: invalid continuation byte
2022-12-03 21:47:50 - [ERROR] - SPDX COMPLIANCE FILE UNICODE DECODE EXCEPTION in (/home/storage/programs/chip_making/space_shuttle_gf_node/openlane/user_proj_example/runs/22_12_02_19_33/tmp/floorplan/6-pdn.odb): 'utf-8' codec can't decode byte 0xe5 in position 16: invalid continuation byte
2022-12-03 21:47:50 - [ERROR] - SPDX COMPLIANCE FILE UNICODE DECODE EXCEPTION in (/home/storage/programs/chip_making/space_shuttle_gf_node/openlane/user_proj_example/runs/22_12_02_19_33/tmp/placement/8-resizer.odb): 'utf-8' codec can't decode byte 0xe5 in position 16: invalid continuation byte
2022-12-03 21:47:50 - [ERROR] - SPDX COMPLIANCE FILE UNICODE DECODE EXCEPTION in (/home/storage/programs/chip_making/space_shuttle_gf_node/openlane/user_proj_example/runs/22_12_02_19_33/tmp/placement/7-global.odb): 'utf-8' codec can't decode byte 0xe5 in position 16: invalid continuation byte
2022-12-03 21:47:52 - [ERROR] - SPDX COMPLIANCE FILE UNICODE DECODE EXCEPTION in (/home/storage/programs/chip_making/space_shuttle_gf_node/openlane/user_proj_example/runs/22_12_02_19_33/tmp/cts/11-user_proj_example.resized.odb): 'utf-8' codec can't decode byte 0xe5 in position 16: invalid continuation byte
2022-12-03 21:47:53 - [ERROR] - SPDX COMPLIANCE FILE UNICODE DECODE EXCEPTION in (/home/storage/programs/chip_making/space_shuttle_gf_node/openlane/user_proj_example/runs/22_12_02_19_33/issue_reproducible/tmp/cts/11-user_proj_example.resized.odb): 'utf-8' codec can't decode byte 0xe5 in position 16: invalid continuation byte
2022-12-03 21:47:54 - [ERROR] - SPDX COMPLIANCE FILE UNICODE DECODE EXCEPTION in (/home/storage/programs/chip_making/space_shuttle_gf_node/openlane/user_proj_example/runs/22_12_02_20_04/results/floorplan/user_proj_example.odb): 'utf-8' codec can't decode byte 0xe5 in position 16: invalid continuation byte
2022-12-03 21:47:54 - [ERROR] - SPDX COMPLIANCE FILE UNICODE DECODE EXCEPTION in (/home/storage/programs/chip_making/space_shuttle_gf_node/openlane/user_proj_example/runs/22_12_02_20_04/results/placement/user_proj_example.odb): 'utf-8' codec can't decode byte 0xe5 in position 16: invalid continuation byte
2022-12-03 21:47:56 - [ERROR] - SPDX COMPLIANCE FILE UNICODE DECODE EXCEPTION in (/home/storage/programs/chip_making/space_shuttle_gf_node/openlane/user_proj_example/runs/22_12_02_20_04/results/cts/user_proj_example.odb): 'utf-8' codec can't decode byte 0xe5 in position 16: invalid continuation byte
2022-12-03 21:47:56 - [ERROR] - SPDX COMPLIANCE FILE UNICODE DECODE EXCEPTION in (/home/storage/programs/chip_making/space_shuttle_gf_node/openlane/user_proj_example/runs/22_12_02_20_04/tmp/floorplan/3-initial_fp.odb): 'utf-8' codec can't decode byte 0xe5 in position 16: invalid continuation byte
2022-12-03 21:47:56 - [ERROR] - SPDX COMPLIANCE FILE UNICODE DECODE EXCEPTION in (/home/storage/programs/chip_making/space_shuttle_gf_node/openlane/user_proj_example/runs/22_12_02_20_04/tmp/floorplan/4-io.odb): 'utf-8' codec can't decode byte 0xe5 in position 16: invalid continuation byte
2022-12-03 21:47:56 - [ERROR] - SPDX COMPLIANCE FILE UNICODE DECODE EXCEPTION in (/home/storage/programs/chip_making/space_shuttle_gf_node/openlane/user_proj_example/runs/22_12_02_20_04/tmp/floorplan/6-pdn.odb): 'utf-8' codec can't decode byte 0xe5 in position 16: invalid continuation byte
2022-12-03 21:47:57 - [ERROR] - SPDX COMPLIANCE FILE UNICODE DECODE EXCEPTION in (/home/storage/programs/chip_making/space_shuttle_gf_node/openlane/user_proj_example/runs/22_12_02_20_04/tmp/placement/8-resizer.odb): 'utf-8' codec can't decode byte 0xe5 in position 16: invalid continuation byte
2022-12-03 21:47:57 - [ERROR] - SPDX COMPLIANCE FILE UNICODE DECODE EXCEPTION in (/home/storage/programs/chip_making/space_shuttle_gf_node/openlane/user_proj_example/runs/22_12_02_20_04/tmp/placement/7-global.odb): 'utf-8' codec can't decode byte 0xe5 in position 16: invalid continuation byte
2022-12-03 21:47:59 - [ERROR] - SPDX COMPLIANCE FILE UNICODE DECODE EXCEPTION in (/home/storage/programs/chip_making/space_shuttle_gf_node/openlane/user_proj_example/runs/22_12_02_20_04/tmp/cts/11-user_proj_example.resized.odb): 'utf-8' codec can't decode byte 0xe5 in position 16: invalid continuation byte
2022-12-03 21:48:00 - [ERROR] - SPDX COMPLIANCE FILE UNICODE DECODE EXCEPTION in (/home/storage/programs/chip_making/space_shuttle_gf_node/openlane/user_proj_example/runs/22_12_02_20_04/issue_reproducible/tmp/cts/11-user_proj_example.resized.odb): 'utf-8' codec can't decode byte 0xe5 in position 16: invalid continuation byte
2022-12-03 21:48:01 - [ERROR] - SPDX COMPLIANCE FILE UNICODE DECODE EXCEPTION in (/home/storage/programs/chip_making/space_shuttle_gf_node/openlane/user_proj_example/runs/22_12_03_10_37/results/floorplan/user_proj_example.odb): 'utf-8' codec can't decode byte 0xe5 in position 16: invalid continuation byte
2022-12-03 21:48:01 - [ERROR] - SPDX COMPLIANCE FILE UNICODE DECODE EXCEPTION in (/home/storage/programs/chip_making/space_shuttle_gf_node/openlane/user_proj_example/runs/22_12_03_10_37/results/placement/user_proj_example.odb): 'utf-8' codec can't decode byte 0xe5 in position 16: invalid continuation byte
2022-12-03 21:48:03 - [ERROR] - SPDX COMPLIANCE FILE UNICODE DECODE EXCEPTION in (/home/storage/programs/chip_making/space_shuttle_gf_node/openlane/user_proj_example/runs/22_12_03_10_37/results/cts/user_proj_example.odb): 'utf-8' codec can't decode byte 0xe5 in position 16: invalid continuation byte
2022-12-03 21:48:03 - [ERROR] - SPDX COMPLIANCE FILE UNICODE DECODE EXCEPTION in (/home/storage/programs/chip_making/space_shuttle_gf_node/openlane/user_proj_example/runs/22_12_03_10_37/tmp/12-user_proj_example.odb): 'utf-8' codec can't decode byte 0xe5 in position 16: invalid continuation byte
2022-12-03 21:48:03 - [ERROR] - SPDX COMPLIANCE FILE UNICODE DECODE EXCEPTION in (/home/storage/programs/chip_making/space_shuttle_gf_node/openlane/user_proj_example/runs/22_12_03_10_37/tmp/floorplan/3-initial_fp.odb): 'utf-8' codec can't decode byte 0xe5 in position 16: invalid continuation byte
2022-12-03 21:48:03 - [ERROR] - SPDX COMPLIANCE FILE UNICODE DECODE EXCEPTION in (/home/storage/programs/chip_making/space_shuttle_gf_node/openlane/user_proj_example/runs/22_12_03_10_37/tmp/floorplan/4-io.odb): 'utf-8' codec can't decode byte 0xe5 in position 16: invalid continuation byte
2022-12-03 21:48:03 - [ERROR] - SPDX COMPLIANCE FILE UNICODE DECODE EXCEPTION in (/home/storage/programs/chip_making/space_shuttle_gf_node/openlane/user_proj_example/runs/22_12_03_10_37/tmp/floorplan/6-pdn.odb): 'utf-8' codec can't decode byte 0xe5 in position 16: invalid continuation byte
2022-12-03 21:48:03 - [ERROR] - SPDX COMPLIANCE FILE UNICODE DECODE EXCEPTION in (/home/storage/programs/chip_making/space_shuttle_gf_node/openlane/user_proj_example/runs/22_12_03_10_37/tmp/routing/13-diodes.odb): 'utf-8' codec can't decode byte 0xe5 in position 16: invalid continuation byte
2022-12-03 21:48:04 - [ERROR] - SPDX COMPLIANCE FILE UNICODE DECODE EXCEPTION in (/home/storage/programs/chip_making/space_shuttle_gf_node/openlane/user_proj_example/runs/22_12_03_10_37/tmp/routing/15-fill.odb): 'utf-8' codec can't decode byte 0xe5 in position 16: invalid continuation byte
2022-12-03 21:48:04 - [ERROR] - SPDX COMPLIANCE FILE UNICODE DECODE EXCEPTION in (/home/storage/programs/chip_making/space_shuttle_gf_node/openlane/user_proj_example/runs/22_12_03_10_37/tmp/routing/diodes.odb): 'utf-8' codec can't decode byte 0xe5 in position 16: invalid continuation byte
2022-12-03 21:48:05 - [ERROR] - SPDX COMPLIANCE FILE UNICODE DECODE EXCEPTION in (/home/storage/programs/chip_making/space_shuttle_gf_node/openlane/user_proj_example/runs/22_12_03_10_37/tmp/placement/8-resizer.odb): 'utf-8' codec can't decode byte 0xe5 in position 16: invalid continuation byte
2022-12-03 21:48:05 - [ERROR] - SPDX COMPLIANCE FILE UNICODE DECODE EXCEPTION in (/home/storage/programs/chip_making/space_shuttle_gf_node/openlane/user_proj_example/runs/22_12_03_10_37/tmp/placement/7-global.odb): 'utf-8' codec can't decode byte 0xe5 in position 16: invalid continuation byte
2022-12-03 21:48:08 - [ERROR] - SPDX COMPLIANCE FILE UNICODE DECODE EXCEPTION in (/home/storage/programs/chip_making/space_shuttle_gf_node/openlane/user_proj_example/runs/22_12_03_10_37/tmp/cts/11-user_proj_example.resized.odb): 'utf-8' codec can't decode byte 0xe5 in position 16: invalid continuation byte
2022-12-03 21:48:08 - [ERROR] - SPDX COMPLIANCE FILE UNICODE DECODE EXCEPTION in (/home/storage/programs/chip_making/space_shuttle_gf_node/openlane/user_proj_example/runs/22_12_03_10_37/issue_reproducible/tmp/routing/15-fill.odb): 'utf-8' codec can't decode byte 0xe5 in position 16: invalid continuation byte
2022-12-03 21:48:11 - [WARNING] - {{SPDX COMPLIANCE CHECK FAILED}} Found 5534 non-compliant file(s) with the SPDX Standard.
2022-12-03 21:48:11 - [INFO] - SPDX COMPLIANCE: NON-COMPLIANT FILE(S) PREVIEW: ['/home/storage/programs/chip_making/space_shuttle_gf_node/venv/lib/python3.10/site-packages/distutils-precedence.pth', '/home/storage/programs/chip_making/space_shuttle_gf_node/venv/lib/python3.10/site-packages/click/_textwrap.py', '/home/storage/programs/chip_making/space_shuttle_gf_node/venv/lib/python3.10/site-packages/click/utils.py', '/home/storage/programs/chip_making/space_shuttle_gf_node/venv/lib/python3.10/site-packages/click/__init__.py', '/home/storage/programs/chip_making/space_shuttle_gf_node/venv/lib/python3.10/site-packages/click/core.py', '/home/storage/programs/chip_making/space_shuttle_gf_node/venv/lib/python3.10/site-packages/click/termui.py', '/home/storage/programs/chip_making/space_shuttle_gf_node/venv/lib/python3.10/site-packages/click/shell_completion.py', '/home/storage/programs/chip_making/space_shuttle_gf_node/venv/lib/python3.10/site-packages/click/exceptions.py', '/home/storage/programs/chip_making/space_shuttle_gf_node/venv/lib/python3.10/site-packages/click/decorators.py', '/home/storage/programs/chip_making/space_shuttle_gf_node/venv/lib/python3.10/site-packages/click/parser.py', '/home/storage/programs/chip_making/space_shuttle_gf_node/venv/lib/python3.10/site-packages/click/globals.py', '/home/storage/programs/chip_making/space_shuttle_gf_node/venv/lib/python3.10/site-packages/click/types.py', '/home/storage/programs/chip_making/space_shuttle_gf_node/venv/lib/python3.10/site-packages/click/_termui_impl.py', '/home/storage/programs/chip_making/space_shuttle_gf_node/venv/lib/python3.10/site-packages/click/testing.py', '/home/storage/programs/chip_making/space_shuttle_gf_node/venv/lib/python3.10/site-packages/click/_winconsole.py']
2022-12-03 21:48:11 - [INFO] - For the full SPDX compliance report check: /home/storage/programs/chip_making/space_shuttle_gf_node/precheck_results/03_DEC_2022___21_44_27/logs/spdx_compliance_report.log
2022-12-03 21:48:11 - [INFO] - {{STEP UPDATE}} Executing Check 2 of 7: GPIO-Defines
2022-12-03 21:48:11 - [INFO] - GPIO-DEFINES: Checking verilog/rtl/user_defines.v, parsing files: ['/home/storage/programs/chip_making/space_shuttle_gf_node/dependencies/mpw_precheck/checks/gpio_defines_check/verilog_assets/gpio_modes_base.v', '/home/storage/programs/chip_making/space_shuttle_gf_node/verilog/rtl/user_defines.v', '/home/storage/programs/chip_making/space_shuttle_gf_node/dependencies/mpw_precheck/checks/gpio_defines_check/verilog_assets/gpio_modes_observe.v']
2022-12-03 21:48:13 - [INFO] - GPIO-DEFINES report path: /home/storage/programs/chip_making/space_shuttle_gf_node/precheck_results/03_DEC_2022___21_44_27/outputs/reports/gpio_defines.report
2022-12-03 21:48:13 - [INFO] - {{GPIO-DEFINES CHECK PASSED}} The user verilog/rtl/user_defines.v is valid.
2022-12-03 21:48:13 - [INFO] - {{STEP UPDATE}} Executing Check 3 of 7: XOR
2022-12-03 21:49:47 - [INFO] - {{XOR CHECK UPDATE}} Total XOR differences: 0, for more details view /home/storage/programs/chip_making/space_shuttle_gf_node/precheck_results/03_DEC_2022___21_44_27/outputs/user_project_wrapper.xor.gds
2022-12-03 21:49:47 - [INFO] - {{XOR CHECK PASSED}} The GDS file has no XOR violations.
2022-12-03 21:49:47 - [INFO] - {{STEP UPDATE}} Executing Check 4 of 7: Klayout FEOL
2022-12-03 21:49:47 - [INFO] - in CUSTOM klayout_gds_drc_check
2022-12-03 21:49:47 - [INFO] - run: klayout -b -r /home/storage/programs/chip_making/space_shuttle_gf_node/dependencies/mpw_precheck/checks/tech-files/gf180mcuC_mr.drc -rd input=/home/storage/programs/chip_making/space_shuttle_gf_node/gds/user_project_wrapper.gds -rd topcell=user_project_wrapper -rd report=/home/storage/programs/chip_making/space_shuttle_gf_node/precheck_results/03_DEC_2022___21_44_27/outputs/reports/klayout_feol_check.xml -rd feol=true -rd metal_top=9K -rd mim_option=B -rd metal_level=5LM -rd conn_drc=true >& /home/storage/programs/chip_making/space_shuttle_gf_node/precheck_results/03_DEC_2022___21_44_27/logs/klayout_feol_check.log
2022-12-04 00:42:10 - [INFO] - No DRC Violations found
2022-12-04 00:42:10 - [INFO] - {{Klayout FEOL CHECK PASSED}} The GDS file, user_project_wrapper.gds, has no DRC violations.
2022-12-04 00:42:10 - [INFO] - {{STEP UPDATE}} Executing Check 5 of 7: Klayout BEOL
2022-12-04 00:42:10 - [INFO] - in CUSTOM klayout_gds_drc_check
2022-12-04 00:42:10 - [INFO] - run: klayout -b -r /home/storage/programs/chip_making/space_shuttle_gf_node/dependencies/mpw_precheck/checks/tech-files/gf180mcuC_mr.drc -rd input=/home/storage/programs/chip_making/space_shuttle_gf_node/gds/user_project_wrapper.gds -rd topcell=user_project_wrapper -rd report=/home/storage/programs/chip_making/space_shuttle_gf_node/precheck_results/03_DEC_2022___21_44_27/outputs/reports/klayout_beol_check.xml -rd beol=true -rd metal_top=9K -rd mim_option=B -rd metal_level=5LM -rd conn_drc=true >& /home/storage/programs/chip_making/space_shuttle_gf_node/precheck_results/03_DEC_2022___21_44_27/logs/klayout_beol_check.log
2022-12-04 02:17:08 - [INFO] - No DRC Violations found
2022-12-04 02:17:08 - [INFO] - {{Klayout BEOL CHECK PASSED}} The GDS file, user_project_wrapper.gds, has no DRC violations.
2022-12-04 02:17:08 - [INFO] - {{STEP UPDATE}} Executing Check 6 of 7: Klayout Offgrid
2022-12-04 02:17:08 - [INFO] - in CUSTOM klayout_gds_drc_check
2022-12-04 02:17:08 - [INFO] - run: klayout -b -r /home/storage/programs/chip_making/space_shuttle_gf_node/dependencies/mpw_precheck/checks/tech-files/gf180mcuC_mr.drc -rd input=/home/storage/programs/chip_making/space_shuttle_gf_node/gds/user_project_wrapper.gds -rd topcell=user_project_wrapper -rd report=/home/storage/programs/chip_making/space_shuttle_gf_node/precheck_results/03_DEC_2022___21_44_27/outputs/reports/klayout_offgrid_check.xml -rd offgrid=true -rd metal_top=9K -rd mim_option=B -rd metal_level=5LM -rd conn_drc=true >& /home/storage/programs/chip_making/space_shuttle_gf_node/precheck_results/03_DEC_2022___21_44_27/logs/klayout_offgrid_check.log
2022-12-04 03:35:00 - [INFO] - No DRC Violations found
2022-12-04 03:35:00 - [INFO] - {{Klayout Offgrid CHECK PASSED}} The GDS file, user_project_wrapper.gds, has no DRC violations.
2022-12-04 03:35:00 - [INFO] - {{STEP UPDATE}} Executing Check 7 of 7: Klayout Metal Minimum Clear Area Density
2022-12-04 03:35:00 - [INFO] - in CUSTOM klayout_gds_drc_check
2022-12-04 03:35:00 - [INFO] - run: klayout -b -r /home/storage/programs/chip_making/space_shuttle_gf_node/dependencies/mpw_precheck/checks/drc_checks/klayout/gf180mcu_density.lydrc -rd input=/home/storage/programs/chip_making/space_shuttle_gf_node/gds/user_project_wrapper.gds -rd topcell=user_project_wrapper -rd report=/home/storage/programs/chip_making/space_shuttle_gf_node/precheck_results/03_DEC_2022___21_44_27/outputs/reports/klayout_met_min_ca_density_check.xml >& /home/storage/programs/chip_making/space_shuttle_gf_node/precheck_results/03_DEC_2022___21_44_27/logs/klayout_met_min_ca_density_check.log
2022-12-04 03:35:07 - [INFO] - No DRC Violations found
2022-12-04 03:35:07 - [INFO] - {{Klayout Metal Minimum Clear Area Density CHECK PASSED}} The GDS file, user_project_wrapper.gds, has no DRC violations.
2022-12-04 03:35:07 - [INFO] - {{FINISH}} Executing Finished, the full log 'precheck.log' can be found in '/home/storage/programs/chip_making/space_shuttle_gf_node/precheck_results/03_DEC_2022___21_44_27/logs'
2022-12-04 03:35:07 - [INFO] - {{SUCCESS}} All Checks Passed !!!
